[root@lvm vagrant]# bash lvm1.sh
  Physical volume "/dev/sdb" successfully created.
  Volume group "vg_root" successfully created
  Logical volume "lv_root" created.
meta-data=/dev/vg_root/lv_root   isize=512    agcount=4, agsize=655104 blks
         =                       sectsz=512   attr=2, projid32bit=1
         =                       crc=1        finobt=0, sparse=0
data     =                       bsize=4096   blocks=2620416, imaxpct=25
         =                       sunit=0      swidth=0 blks
naming   =version 2              bsize=4096   ascii-ci=0 ftype=1
log      =internal log           bsize=4096   blocks=2560, version=2
         =                       sectsz=512   sunit=0 blks, lazy-count=1
realtime =none                   extsz=4096   blocks=0, rtextents=0
xfsrestore: using file dump (drive_simple) strategy
xfsrestore: version 3.1.7 (dump format 3.0)
xfsdump: using file dump (drive_simple) strategy
xfsdump: version 3.1.7 (dump format 3.0)
xfsdump: level 0 dump of lvm:/
xfsdump: dump date: Sat Aug 14 22:55:31 2021
xfsdump: session id: 4e1acc57-09de-43ae-be91-b7fc70538a32
xfsdump: session label: ""
xfsrestore: searching media for dump
xfsdump: ino map phase 1: constructing initial dump list
xfsdump: ino map phase 2: skipping (no pruning necessary)
xfsdump: ino map phase 3: skipping (only one dump stream)
xfsdump: ino map construction complete
xfsdump: estimated dump size: 777618944 bytes
xfsdump: creating dump session media file 0 (media 0, file 0)
xfsdump: dumping ino map
xfsdump: dumping directories
xfsrestore: examining media file 0
xfsrestore: dump description:
xfsrestore: hostname: lvm
xfsrestore: mount point: /
xfsrestore: volume: /dev/mapper/VolGroup00-LogVol00
xfsrestore: session time: Sat Aug 14 22:55:31 2021
xfsrestore: level: 0
xfsrestore: session label: ""
xfsrestore: media label: ""
xfsrestore: file system id: b60e9498-0baa-4d9f-90aa-069048217fee
xfsrestore: session id: 4e1acc57-09de-43ae-be91-b7fc70538a32
xfsrestore: media id: ac0f9c0d-f647-482a-816d-9b877fc480bc
xfsrestore: searching media for directory dump
xfsrestore: reading directories
xfsdump: dumping non-directory files
xfsrestore: 2675 directories and 23522 entries processed
xfsrestore: directory post-processing
xfsrestore: restoring non-directory files
xfsdump: ending media file
xfsdump: media file size 754607056 bytes
xfsdump: dump size (non-dir files) : 741487648 bytes
xfsdump: dump complete: 26 seconds elapsed
xfsdump: Dump Status: SUCCESS
xfsrestore: restore complete: 27 seconds elapsed
xfsrestore: Restore Status: SUCCESS
Generating grub configuration file ...
Found linux image: /boot/vmlinuz-3.10.0-862.2.3.el7.x86_64
Found initrd image: /boot/initramfs-3.10.0-862.2.3.el7.x86_64.img
done
Executing: /sbin/dracut -v initramfs-3.10.0-862.2.3.el7.x86_64.img 3.10.0-862.2.3.el7.x86_64 --force
dracut module 'busybox' will not be installed, because command 'busybox' could not be found!
dracut module 'crypt' will not be installed, because command 'cryptsetup' could not be found!
dracut module 'dmraid' will not be installed, because command 'dmraid' could not be found!
dracut module 'dmsquash-live-ntfs' will not be installed, because command 'ntfs-3g' could not be found!
dracut module 'mdraid' will not be installed, because command 'mdadm' could not be found!
dracut module 'multipath' will not be installed, because command 'multipath' could not be found!
dracut module 'busybox' will not be installed, because command 'busybox' could not be found!
dracut module 'crypt' will not be installed, because command 'cryptsetup' could not be found!
dracut module 'dmraid' will not be installed, because command 'dmraid' could not be found!
dracut module 'dmsquash-live-ntfs' will not be installed, because command 'ntfs-3g' could not be found!
dracut module 'mdraid' will not be installed, because command 'mdadm' could not be found!
dracut module 'multipath' will not be installed, because command 'multipath' could not be found!
*** Including module: bash ***
*** Including module: nss-softokn ***
*** Including module: i18n ***
*** Including module: drm ***
*** Including module: plymouth ***
*** Including module: dm ***
Skipping udev rule: 64-device-mapper.rules
Skipping udev rule: 60-persistent-storage-dm.rules
Skipping udev rule: 55-dm.rules
*** Including module: kernel-modules ***
Omitting driver floppy
*** Including module: lvm ***
Skipping udev rule: 64-device-mapper.rules
Skipping udev rule: 56-lvm.rules
Skipping udev rule: 60-persistent-storage-lvm.rules
*** Including module: qemu ***
*** Including module: resume ***
*** Including module: rootfs-block ***
*** Including module: terminfo ***
*** Including module: udev-rules ***
Skipping udev rule: 40-redhat-cpu-hotplug.rules
Skipping udev rule: 91-permissions.rules
*** Including module: biosdevname ***
*** Including module: systemd ***
*** Including module: usrmount ***
*** Including module: base ***
*** Including module: fs-lib ***
*** Including module: shutdown ***
*** Including modules done ***
*** Installing kernel module dependencies and firmware ***
*** Installing kernel module dependencies and firmware done ***
*** Resolving executable dependencies ***
*** Resolving executable dependencies done***
*** Hardlinking files ***
*** Hardlinking files done ***
*** Stripping files ***
*** Stripping files done ***
*** Generating early-microcode cpio image contents ***
*** No early-microcode cpio image needed ***
*** Store current command line parameters ***
*** Creating image file ***
*** Creating image file done ***
*** Creating initramfs image file '/boot/initramfs-3.10.0-862.2.3.el7.x86_64.img' done ***

[root@lvm vagrant]# bash lvm2.sh
Do you really want to remove active logical volume VolGroup00/LogVol00? [y/n]: y
  Logical volume "LogVol00" successfully removed
WARNING: xfs signature detected on /dev/VolGroup00/LogVol00 at offset 0. Wipe it? [y/n]: y
  Wiping xfs signature on /dev/VolGroup00/LogVol00.
  Logical volume "LogVol00" created.
meta-data=/dev/VolGroup00/LogVol00 isize=512    agcount=4, agsize=524288 blks
         =                       sectsz=512   attr=2, projid32bit=1
         =                       crc=1        finobt=0, sparse=0
data     =                       bsize=4096   blocks=2097152, imaxpct=25
         =                       sunit=0      swidth=0 blks
naming   =version 2              bsize=4096   ascii-ci=0 ftype=1
log      =internal log           bsize=4096   blocks=2560, version=2
         =                       sectsz=512   sunit=0 blks, lazy-count=1
realtime =none                   extsz=4096   blocks=0, rtextents=0
xfsrestore: using file dump (drive_simple) strategy
xfsrestore: version 3.1.7 (dump format 3.0)
xfsdump: using file dump (drive_simple) strategy
xfsdump: version 3.1.7 (dump format 3.0)
xfsdump: level 0 dump of lvm:/
xfsdump: dump date: Sat Aug 14 22:58:59 2021
xfsdump: session id: b13bd4ef-0c2c-436c-b996-5c0286351272
xfsdump: session label: ""
xfsrestore: searching media for dump
xfsdump: ino map phase 1: constructing initial dump list
xfsdump: ino map phase 2: skipping (no pruning necessary)
xfsdump: ino map phase 3: skipping (only one dump stream)
xfsdump: ino map construction complete
xfsdump: estimated dump size: 776276736 bytes
xfsdump: creating dump session media file 0 (media 0, file 0)
xfsdump: dumping ino map
xfsdump: dumping directories
xfsrestore: examining media file 0
xfsrestore: dump description:
xfsrestore: hostname: lvm
xfsrestore: mount point: /
xfsrestore: volume: /dev/mapper/vg_root-lv_root
xfsrestore: session time: Sat Aug 14 22:58:59 2021
xfsrestore: level: 0
xfsrestore: session label: ""
xfsrestore: media label: ""
xfsrestore: file system id: 64085ab0-8e8e-4170-ae0a-7341e62d46c0
xfsrestore: session id: b13bd4ef-0c2c-436c-b996-5c0286351272
xfsrestore: media id: e5f4af59-7d08-4efc-b771-54b219a9de0c
xfsrestore: searching media for directory dump
xfsrestore: reading directories
xfsdump: dumping non-directory files
xfsrestore: 2679 directories and 23526 entries processed
xfsrestore: directory post-processing
xfsrestore: restoring non-directory files
xfsdump: ending media file
xfsdump: media file size 753167280 bytes
xfsdump: dump size (non-dir files) : 740044840 bytes
xfsdump: dump complete: 24 seconds elapsed
xfsdump: Dump Status: SUCCESS
xfsrestore: restore complete: 24 seconds elapsed
xfsrestore: Restore Status: SUCCESS
Generating grub configuration file ...
Found linux image: /boot/vmlinuz-3.10.0-862.2.3.el7.x86_64
Found initrd image: /boot/initramfs-3.10.0-862.2.3.el7.x86_64.img
done
Executing: /sbin/dracut -v initramfs-3.10.0-862.2.3.el7.x86_64.img 3.10.0-862.2.3.el7.x86_64 --force
dracut module 'busybox' will not be installed, because command 'busybox' could not be found!
dracut module 'crypt' will not be installed, because command 'cryptsetup' could not be found!
dracut module 'dmraid' will not be installed, because command 'dmraid' could not be found!
dracut module 'dmsquash-live-ntfs' will not be installed, because command 'ntfs-3g' could not be found!
dracut module 'mdraid' will not be installed, because command 'mdadm' could not be found!
dracut module 'multipath' will not be installed, because command 'multipath' could not be found!
dracut module 'busybox' will not be installed, because command 'busybox' could not be found!
dracut module 'crypt' will not be installed, because command 'cryptsetup' could not be found!
dracut module 'dmraid' will not be installed, because command 'dmraid' could not be found!
dracut module 'dmsquash-live-ntfs' will not be installed, because command 'ntfs-3g' could not be found!
dracut module 'mdraid' will not be installed, because command 'mdadm' could not be found!
dracut module 'multipath' will not be installed, because command 'multipath' could not be found!
*** Including module: bash ***
*** Including module: nss-softokn ***
*** Including module: i18n ***
*** Including module: drm ***
*** Including module: plymouth ***
*** Including module: dm ***
Skipping udev rule: 64-device-mapper.rules
Skipping udev rule: 60-persistent-storage-dm.rules
Skipping udev rule: 55-dm.rules
*** Including module: kernel-modules ***
Omitting driver floppy
*** Including module: lvm ***
Skipping udev rule: 64-device-mapper.rules
Skipping udev rule: 56-lvm.rules
Skipping udev rule: 60-persistent-storage-lvm.rules
*** Including module: qemu ***
*** Including module: resume ***
*** Including module: rootfs-block ***
*** Including module: terminfo ***
*** Including module: udev-rules ***
Skipping udev rule: 40-redhat-cpu-hotplug.rules
Skipping udev rule: 91-permissions.rules
*** Including module: biosdevname ***
*** Including module: systemd ***
*** Including module: usrmount ***
*** Including module: base ***
*** Including module: fs-lib ***
*** Including module: shutdown ***
*** Including modules done ***
*** Installing kernel module dependencies and firmware ***
*** Installing kernel module dependencies and firmware done ***
*** Resolving executable dependencies ***
*** Resolving executable dependencies done***
*** Hardlinking files ***
*** Hardlinking files done ***
*** Stripping files ***
*** Stripping files done ***
*** Generating early-microcode cpio image contents ***
*** No early-microcode cpio image needed ***
*** Store current command line parameters ***
*** Creating image file ***
*** Creating image file done ***
*** Creating initramfs image file '/boot/initramfs-3.10.0-862.2.3.el7.x86_64.img' done ***
  Physical volume "/dev/sdc" successfully created.
  Physical volume "/dev/sdd" successfully created.
  Volume group "vg_var" successfully created
  Rounding up size to full physical extent 952.00 MiB
  Logical volume "lv_var" created.
mke2fs 1.42.9 (28-Dec-2013)
Filesystem label=
OS type: Linux
Block size=4096 (log=2)
Fragment size=4096 (log=2)
Stride=0 blocks, Stripe width=0 blocks
60928 inodes, 243712 blocks
12185 blocks (5.00%) reserved for the super user
First data block=0
Maximum filesystem blocks=249561088
8 block groups
32768 blocks per group, 32768 fragments per group
7616 inodes per group
Superblock backups stored on blocks:
        32768, 98304, 163840, 229376

Allocating group tables: done
Writing inode tables: done
Creating journal (4096 blocks): done
Writing superblocks and filesystem accounting information: done

[root@lvm vagrant]# bash lvm3.sh
Do you really want to remove active logical volume vg_root/lv_root? [y/n]: y
  Logical volume "lv_root" successfully removed
  Volume group "vg_root" successfully removed
  Labels on physical volume "/dev/sdb" successfully wiped.
  Logical volume "LogVol_Home" created.
meta-data=/dev/VolGroup00/LogVol_Home isize=512    agcount=4, agsize=131072 blks
         =                       sectsz=512   attr=2, projid32bit=1
         =                       crc=1        finobt=0, sparse=0
data     =                       bsize=4096   blocks=524288, imaxpct=25
         =                       sunit=0      swidth=0 blks
naming   =version 2              bsize=4096   ascii-ci=0 ftype=1
log      =internal log           bsize=4096   blocks=2560, version=2
         =                       sectsz=512   sunit=0 blks, lazy-count=1
realtime =none                   extsz=4096   blocks=0, rtextents=0
  Rounding up size to full physical extent 128.00 MiB
  Logical volume "home_snap" created.
ls /home/file*
file1  file10  file2  file3  file4  file5  file6  file7  file8  file9  vagrant
  Merging of volume VolGroup00/home_snap started.
  VolGroup00/LogVol_Home: Merged: 100.00%
ls /home/file*
file1   file11  file13  file15  file17  file19  file20  file4  file6  file8  vagrant
file10  file12  file14  file16  file18  file2   file3   file5  file7  file9